<?xml version="1.0" encoding="UTF-8"?>
<testng-results ignored="0" total="1" passed="1" failed="0" skipped="0">
  <reporter-output>
  </reporter-output>
  <suite started-at="2020-10-20T15:23:06 IST" name="Command line suite" finished-at="2020-10-20T15:23:17 IST" duration-ms="11459">
    <groups>
    </groups>
    <test started-at="2020-10-20T15:23:06 IST" name="Command line test" finished-at="2020-10-20T15:23:17 IST" duration-ms="11459">
      <class name="com.pipe.First">
        <test-method signature="getTest()[pri:0, instance:com.pipe.First@57fffcd7]" started-at="2020-10-20T15:23:06 IST" name="getTest" finished-at="2020-10-20T15:23:17 IST" duration-ms="11375" status="PASS">
          <reporter-output>
          </reporter-output>
        </test-method> <!-- getTest -->
      </class> <!-- com.pipe.First -->
    </test> <!-- Command line test -->
  </suite> <!-- Command line suite -->
</testng-results>
